2020-12-11 10:10:42 GMT ---( Start )---
2020-12-11 10:10:42 GMT TotalMem         FreeMem          CurT MaxT SSNs SSNx SSNAvg   REQs REQx REQAvg   StartReq EndReq
2020-12-11 10:11:42 GMT 0000000023c00000 00000000111b0958 0066 0066 0000 0000 00000000 0000 0002 000001c0 0000000f 0000000f

2020-12-11 10:12:42 GMT 0000000023c00000 0000000010d38c30 0065 0066 0000 0000 00000000 0000 0002 00000001 00000001 00000001

2020-12-11 10:13:42 GMT 0000000023c00000 0000000010c4e0e8 0065 0066 0000 0000 00000000 0000 0002 00000000 00000001 00000001

2020-12-11 10:14:42 GMT 0000000023c00000 0000000010b03de0 0065 0066 0000 0000 00000000 0000 0002 00000000 00000001 00000001

2020-12-11 11:50:00 GMT ---( Start )---
2020-12-11 11:50:00 GMT TotalMem         FreeMem          CurT MaxT SSNs SSNx SSNAvg   REQs REQx REQAvg   StartReq EndReq
2020-12-11 12:01:25 GMT ---( Start )---
2020-12-11 12:01:25 GMT TotalMem         FreeMem          CurT MaxT SSNs SSNx SSNAvg   REQs REQx REQAvg   StartReq EndReq
2020-12-11 12:02:25 GMT 0000000023600000 0000000005afe488 0067 0067 0000 0000 00000000 0000 0002 0000020f 0000000f 0000000f

2020-12-11 12:03:25 GMT 0000000023480000 000000001405ecf8 0065 0067 0000 0000 00000000 0000 0002 00000001 00000001 00000001

2020-12-11 12:04:25 GMT 0000000023480000 0000000011717b18 0066 0067 0001 0001 0000002f 0000 0002 00000000 00000003 00000003

2020-12-11 12:06:16 GMT ---( Start )---
2020-12-11 12:06:16 GMT TotalMem         FreeMem          CurT MaxT SSNs SSNx SSNAvg   REQs REQx REQAvg   StartReq EndReq
2020-12-11 12:07:16 GMT 0000000023c80000 00000000078c98c8 0067 0067 0000 0000 00000000 0000 0002 000001bf 0000000f 0000000f

2020-12-11 12:08:16 GMT 0000000023d80000 0000000013d811e8 0066 0067 0001 0001 00000000 0000 0002 00000000 00000003 00000003

2020-12-11 12:10:34 GMT ---( Start )---
2020-12-11 12:10:34 GMT TotalMem         FreeMem          CurT MaxT SSNs SSNx SSNAvg   REQs REQx REQAvg   StartReq EndReq
2020-12-11 12:11:41 GMT ---( Start )---
2020-12-11 12:11:41 GMT TotalMem         FreeMem          CurT MaxT SSNs SSNx SSNAvg   REQs REQx REQAvg   StartReq EndReq
2020-12-11 12:12:41 GMT 0000000022400000 0000000012886118 0065 0065 0000 0000 00000000 0000 0002 000001a2 0000000f 0000000f

2020-12-11 12:13:41 GMT 0000000022400000 0000000012449c68 0064 0065 0000 0000 00000000 0000 0002 00000001 00000001 00000001

2020-12-11 12:14:41 GMT 0000000022400000 00000000123447d8 0064 0065 0000 0000 00000000 0000 0002 00000000 00000001 00000001

2020-12-11 12:15:41 GMT 0000000022400000 00000000121e6c08 0064 0065 0000 0000 00000000 0000 0002 00000001 00000001 00000001

2020-12-11 12:17:10 GMT ---( Start )---
2020-12-11 12:17:10 GMT TotalMem         FreeMem          CurT MaxT SSNs SSNx SSNAvg   REQs REQx REQAvg   StartReq EndReq
2020-12-11 12:18:10 GMT 0000000022280000 0000000010bc1500 0065 0065 0000 0000 00000000 0000 0002 000001af 0000000f 0000000f

2020-12-11 12:19:10 GMT 0000000022280000 0000000010771ce8 0064 0065 0000 0000 00000000 0000 0002 00000001 00000001 00000001

2020-12-11 12:20:10 GMT 0000000022280000 0000000010675ec0 0064 0065 0000 0000 00000000 0000 0002 00000000 00000001 00000001

2020-12-11 12:26:21 GMT ---( Start )---
2020-12-11 12:26:21 GMT TotalMem         FreeMem          CurT MaxT SSNs SSNx SSNAvg   REQs REQx REQAvg   StartReq EndReq
2020-12-11 12:28:27 GMT ---( Start )---
2020-12-11 12:28:27 GMT TotalMem         FreeMem          CurT MaxT SSNs SSNx SSNAvg   REQs REQx REQAvg   StartReq EndReq
2020-12-11 12:29:27 GMT 0000000022100000 00000000113a03c8 0065 0065 0000 0000 00000000 0000 0002 000001c8 0000000f 0000000f

2020-12-11 12:30:27 GMT 0000000022100000 0000000010fb5370 0064 0065 0000 0000 00000000 0000 0002 00000001 00000001 00000001

2020-12-11 12:31:07 GMT ---( Start )---
2020-12-11 12:31:07 GMT TotalMem         FreeMem          CurT MaxT SSNs SSNx SSNAvg   REQs REQx REQAvg   StartReq EndReq
2020-12-11 12:32:07 GMT 0000000021900000 000000000ec75360 0066 0066 0000 0000 00000000 0000 0002 000001fd 0000000f 0000000f

2020-12-11 12:32:47 GMT ---( Start )---
2020-12-11 12:32:47 GMT TotalMem         FreeMem          CurT MaxT SSNs SSNx SSNAvg   REQs REQx REQAvg   StartReq EndReq
2020-12-11 12:33:07 GMT ---( Start )---
2020-12-11 12:33:07 GMT TotalMem         FreeMem          CurT MaxT SSNs SSNx SSNAvg   REQs REQx REQAvg   StartReq EndReq
2020-12-11 12:34:07 GMT 0000000021400000 0000000012d10260 0066 0066 0000 0000 00000000 0000 0002 000001d6 0000000f 0000000f

2020-12-11 12:35:07 GMT 0000000021400000 00000000127f5be8 0064 0066 0000 0000 00000000 0000 0002 00000000 00000001 00000001

2020-12-11 12:36:07 GMT 0000000021400000 000000001272d5b0 0064 0066 0000 0000 00000000 0000 0002 00000001 00000001 00000001

2020-12-11 12:37:07 GMT 0000000021400000 0000000012655268 0064 0066 0000 0000 00000000 0000 0002 00000000 00000001 00000001

2020-12-11 12:38:07 GMT 0000000021400000 0000000011c56e98 0064 0066 0000 0000 00000000 0000 0002 00000000 00000001 00000001

2020-12-11 12:39:07 GMT 0000000021400000 0000000011b0b728 0064 0066 0000 0000 00000000 0000 0002 00000001 00000001 00000001

2020-12-11 12:40:07 GMT 0000000021400000 0000000011a39378 0064 0066 0000 0000 00000000 0000 0002 00000000 00000001 00000001

2020-12-11 12:41:07 GMT 0000000021400000 00000000119699c0 0064 0066 0000 0000 00000000 0000 0002 00000001 00000001 00000001

2020-12-11 12:42:07 GMT 0000000021400000 00000000118c87f0 0064 0066 0000 0000 00000000 0000 0002 00000000 00000001 00000001

2020-12-11 12:43:07 GMT 0000000021400000 00000000117501b0 0064 0066 0000 0000 00000000 0000 0002 00000000 00000001 00000001

2020-12-11 12:44:07 GMT 0000000021400000 000000001158be80 0064 0066 0000 0000 00000000 0000 0002 00000000 00000001 00000001

2020-12-11 12:45:07 GMT 0000000021400000 000000001149ab50 0064 0066 0000 0000 00000000 0000 0002 00000001 00000001 00000001

2020-12-11 12:46:07 GMT 0000000021400000 00000000113524d8 0064 0066 0000 0000 00000000 0000 0002 00000000 00000001 00000001

2020-12-11 12:47:07 GMT 0000000021400000 000000001121c960 0064 0066 0000 0000 00000000 0000 0002 00000001 00000001 00000001

2020-12-11 12:48:07 GMT 0000000021400000 00000000110f2d58 0064 0066 0000 0000 00000000 0000 0002 00000001 00000001 00000001

2020-12-11 12:49:07 GMT 0000000021400000 000000001105b7f8 0064 0066 0000 0000 00000000 0000 0002 00000000 00000001 00000001

2020-12-11 12:50:07 GMT 0000000021400000 0000000010f8af80 0064 0066 0000 0000 00000000 0000 0002 00000001 00000001 00000001

2020-12-11 12:51:07 GMT 0000000021400000 0000000010e47cf0 0064 0066 0000 0000 00000000 0000 0002 00000001 00000001 00000001

2020-12-11 12:52:07 GMT 0000000021400000 0000000010d6e220 0064 0066 0000 0000 00000000 0000 0002 00000000 00000001 00000001

2020-12-11 12:53:07 GMT 0000000021400000 0000000010c9bc18 0064 0066 0000 0000 00000000 0000 0002 00000000 00000001 00000001

2020-12-11 12:54:07 GMT 0000000021400000 0000000010bb4668 0064 0066 0000 0000 00000000 0000 0002 00000000 00000001 00000001

2020-12-11 12:55:07 GMT 0000000021400000 0000000010a8e510 0064 0066 0000 0000 00000000 0000 0002 00000000 00000001 00000001

2020-12-11 12:56:07 GMT 0000000021400000 0000000010a016f0 0064 0066 0000 0000 00000000 0000 0002 00000000 00000001 00000001

2020-12-11 12:57:07 GMT 0000000021400000 00000000109195f8 0064 0066 0000 0000 00000000 0000 0002 00000000 00000001 00000001

2020-12-11 12:58:07 GMT 0000000021400000 0000000010824758 0064 0066 0000 0000 00000000 0000 0002 00000000 00000001 00000001

2020-12-11 12:59:07 GMT 0000000021400000 00000000106e0880 0064 0066 0000 0000 00000000 0000 0002 00000000 00000001 00000001

2020-12-11 13:00:07 GMT 0000000021400000 000000001060ced0 0064 0066 0000 0000 00000000 0000 0002 00000000 00000001 00000001

2020-12-11 13:01:07 GMT 0000000021400000 000000001053b6c8 0064 0066 0000 0000 00000000 0000 0002 00000001 00000001 00000001

2020-12-11 13:02:07 GMT 0000000021400000 000000001042b400 0064 0066 0000 0000 00000000 0000 0002 00000001 00000001 00000001

2020-12-11 13:03:07 GMT 0000000021900000 0000000019e01a38 0052 0066 0000 0000 00000000 0000 0002 00000041 0000000e 0000000e

2020-12-11 14:31:21 GMT ---( Start )---
2020-12-11 14:31:21 GMT TotalMem         FreeMem          CurT MaxT SSNs SSNx SSNAvg   REQs REQx REQAvg   StartReq EndReq
2020-12-11 14:32:22 GMT ---( Start )---
2020-12-11 14:32:22 GMT TotalMem         FreeMem          CurT MaxT SSNs SSNx SSNAvg   REQs REQx REQAvg   StartReq EndReq
2020-12-11 14:33:22 GMT 0000000022f00000 0000000010d22410 0065 0065 0000 0000 00000000 0000 0002 000001d0 0000000f 0000000f

2020-12-11 14:34:22 GMT 0000000022f00000 00000000108e48b8 0064 0065 0000 0000 00000000 0000 0002 00000002 00000001 00000001

2020-12-11 14:35:22 GMT 0000000022f00000 000000001074a7a8 0064 0065 0000 0000 00000000 0000 0002 00000000 00000001 00000001

2020-12-11 14:36:22 GMT 0000000022f00000 00000000106ace40 0064 0065 0000 0000 00000000 0000 0002 00000000 00000001 00000001

2020-12-11 14:37:22 GMT 0000000022f00000 000000000f983688 0064 0065 0000 0000 00000000 0000 0002 00000000 00000001 00000001

2020-12-11 14:38:22 GMT 0000000022f00000 000000000f7c8600 0064 0065 0000 0000 00000000 0000 0002 00000000 00000001 00000001

2020-12-11 14:39:22 GMT 0000000022f00000 000000000f752b18 0064 0065 0000 0000 00000000 0000 0002 00000001 00000001 00000001

2020-12-11 14:40:22 GMT 0000000022f00000 000000000f711300 0064 0065 0000 0000 00000000 0000 0002 00000000 00000001 00000001

2020-12-11 14:41:22 GMT 0000000022f00000 000000000f5425d8 0064 0065 0000 0000 00000000 0000 0002 00000000 00000001 00000001

2020-12-11 14:42:22 GMT 0000000022f00000 000000000f4bfe20 0064 0065 0000 0000 00000000 0000 0002 00000000 00000001 00000001

2020-12-11 14:43:22 GMT 0000000022f00000 000000000f30eea8 0064 0065 0000 0000 00000000 0000 0002 00000001 00000001 00000001

2020-12-11 14:44:22 GMT 0000000022f00000 000000000f198f38 0064 0065 0000 0000 00000000 0000 0002 00000000 00000001 00000001

2020-12-11 14:45:22 GMT 0000000022f00000 000000000f081238 0064 0065 0000 0000 00000000 0000 0002 00000000 00000001 00000001

2020-12-11 14:46:22 GMT 0000000022f00000 000000000f0119b8 0064 0065 0000 0000 00000000 0000 0002 00000000 00000001 00000001

2020-12-11 14:47:22 GMT 0000000022f00000 000000000ee5b120 0064 0065 0000 0000 00000000 0000 0002 00000000 00000001 00000001

2020-12-11 14:48:22 GMT 0000000022f00000 000000000ede21f8 0064 0065 0000 0000 00000000 0000 0002 00000000 00000001 00000001

2020-12-11 14:49:22 GMT 0000000022f00000 000000000ec53818 0064 0065 0000 0000 00000000 0000 0002 00000001 00000001 00000001

2020-12-11 14:50:22 GMT 0000000022f00000 000000000eb78f98 0064 0065 0000 0000 00000000 0000 0002 00000001 00000001 00000001

2020-12-11 14:51:22 GMT 0000000022f00000 000000000eb08df8 0064 0065 0000 0000 00000000 0000 0002 00000000 00000001 00000001

2020-12-11 14:52:22 GMT 0000000022f00000 000000000e950d78 0064 0065 0000 0000 00000000 0000 0002 00000000 00000001 00000001

2020-12-11 14:53:22 GMT 0000000022f00000 000000000e86b188 0064 0065 0000 0000 00000000 0000 0002 00000000 00000001 00000001

2020-12-11 14:54:22 GMT 0000000022f00000 000000000e817310 0064 0065 0000 0000 00000000 0000 0002 00000000 00000001 00000001

2020-12-11 14:55:22 GMT 0000000022f00000 000000000e66b6f8 0064 0065 0000 0000 00000000 0000 0002 00000000 00000001 00000001

2020-12-11 14:56:22 GMT 0000000022f00000 000000000e629770 0064 0065 0000 0000 00000000 0000 0002 00000000 00000001 00000001

2020-12-11 14:57:22 GMT 0000000022f00000 000000000e5abd88 0064 0065 0000 0000 00000000 0000 0002 00000001 00000001 00000001

2020-12-11 14:58:22 GMT 0000000022f00000 000000000e3fa798 0064 0065 0000 0000 00000000 0000 0002 00000000 00000001 00000001

2020-12-11 14:59:22 GMT 0000000022f00000 000000000e3a0ec0 0064 0065 0000 0000 00000000 0000 0002 00000001 00000001 00000001

2020-12-11 15:01:50 GMT ---( Start )---
2020-12-11 15:01:50 GMT TotalMem         FreeMem          CurT MaxT SSNs SSNx SSNAvg   REQs REQx REQAvg   StartReq EndReq
2020-12-11 15:02:50 GMT 0000000022180000 000000000d278028 0066 0066 0000 0000 00000000 0000 0002 000001b4 00000010 00000010

2020-12-11 15:03:50 GMT 0000000022180000 000000000ce46cc0 0065 0066 0000 0000 00000000 0000 0002 00000000 00000001 00000001

2020-12-11 15:04:50 GMT 0000000022180000 000000000cc86870 0065 0066 0000 0000 00000000 0000 0002 00000000 00000001 00000001

2020-12-11 15:05:50 GMT 0000000022180000 000000000ac8ae80 0066 0066 0001 0001 00000000 0000 0002 00000000 00000003 00000003

2020-12-11 15:06:50 GMT 0000000022180000 000000000a7d2fd8 0066 0066 0001 0001 00000000 0000 0002 00000000 00000001 00000001

2020-12-11 15:07:50 GMT 0000000022180000 000000000a38d3c0 0066 0066 0001 0001 00000000 0000 0002 00000000 00000001 00000001

2020-12-11 15:08:50 GMT 0000000022180000 000000000a2a17a8 0066 0066 0001 0001 00000000 0000 0002 00000000 00000001 00000001

2020-12-11 15:09:50 GMT 0000000022180000 000000000a219aa0 0066 0066 0001 0001 00000000 0000 0002 00000000 00000001 00000001

2020-12-11 15:10:50 GMT 0000000022180000 000000000a1174c0 0066 0066 0001 0001 00000000 0000 0002 00000000 00000001 00000001

2020-12-11 15:11:50 GMT 0000000022180000 0000000009f2b008 0066 0066 0001 0001 00000000 0000 0002 00000000 00000001 00000001

2020-12-11 15:12:50 GMT 0000000022180000 0000000009c63d90 0066 0066 0001 0001 00000000 0000 0002 00000000 00000001 00000001

2020-12-11 15:13:50 GMT 0000000022180000 0000000009b7faa8 0066 0066 0001 0001 00000000 0000 0002 00000000 00000001 00000001

2020-12-11 15:14:50 GMT 0000000022180000 00000000099c2058 0066 0066 0001 0001 00000000 0000 0002 00000000 00000001 00000001

2020-12-11 15:15:50 GMT 0000000022180000 0000000009908dc8 0066 0066 0001 0001 00000000 0000 0002 00000000 00000001 00000001

2020-12-11 15:16:50 GMT 0000000022180000 00000000098325f8 0066 0066 0001 0001 00000000 0000 0002 00000000 00000001 00000001

2020-12-11 15:17:50 GMT 0000000022180000 00000000096eb660 0066 0066 0001 0001 00000000 0000 0002 00000000 00000001 00000001

2020-12-11 15:18:50 GMT 0000000022180000 000000000969e330 0066 0066 0001 0001 00000000 0000 0002 00000001 00000001 00000001

2020-12-11 15:19:50 GMT 0000000022180000 000000000953f3a0 0066 0066 0001 0001 00000000 0000 0002 00000000 00000001 00000001

2020-12-11 15:20:50 GMT 0000000022180000 000000000946d240 0066 0066 0001 0001 00000000 0000 0002 00000000 00000001 00000001

2020-12-11 15:21:50 GMT 0000000022180000 000000000935a928 0066 0066 0001 0001 00000000 0000 0002 00000000 00000001 00000001

2020-12-11 15:22:50 GMT 0000000022180000 000000000922a7e0 0066 0066 0000 0001 00100a42 0000 0002 00000001 00000001 00000001

2020-12-11 15:23:50 GMT 0000000022180000 0000000009128508 0066 0066 0000 0001 00000000 0000 0002 00000000 00000001 00000001

2020-12-11 15:24:50 GMT 0000000022180000 000000000904e8d8 0066 0066 0000 0001 00000000 0000 0002 00000000 00000001 00000001

2020-12-11 15:25:50 GMT 0000000022180000 0000000008f44e10 0066 0066 0000 0001 00000000 0000 0002 00000000 00000001 00000001

2020-12-11 15:26:50 GMT 0000000022180000 0000000008e1f058 0066 0066 0000 0001 00000000 0000 0002 00000000 00000001 00000001

2020-12-11 15:27:50 GMT 0000000022180000 0000000008d14a00 0066 0066 0000 0001 00000000 0000 0002 00000000 00000001 00000001

2020-12-11 15:28:50 GMT 0000000022180000 0000000008cb57c8 0066 0066 0000 0001 00000000 0000 0002 00000000 00000001 00000001

2020-12-11 15:29:50 GMT 0000000022180000 0000000008be0480 0066 0066 0000 0001 00000000 0000 0002 00000000 00000001 00000001

2020-12-11 15:30:50 GMT 0000000022180000 0000000008a9bb78 0066 0066 0000 0001 00000000 0000 0002 00000001 00000001 00000001

2020-12-11 15:31:50 GMT 0000000020480000 000000001769d7b0 0030 0066 0000 0001 00000000 0000 0002 00000033 0000000e 0000000e

